2020-09-07 20:47:36.911 [INFO ] com.flower.FlowerApplication - Starting FlowerApplication on LAPTOP-6S1ADEMD with PID 3524 (D:\FileRecv\2\flower\target\classes started by 张耘荧 in D:\FileRecv\2\flower)
2020-09-07 20:47:36.916 [INFO ] com.flower.FlowerApplication - No active profile set, falling back to default profiles: default
2020-09-07 20:47:40.371 [INFO ] org.springframework.data.repository.config.RepositoryConfigurationDelegate - Multiple Spring Data modules found, entering strict repository configuration mode!
2020-09-07 20:47:40.371 [INFO ] org.springframework.data.repository.config.RepositoryConfigurationDelegate - Bootstrapping Spring Data repositories in DEFAULT mode.
2020-09-07 20:47:40.591 [INFO ] org.springframework.data.repository.config.RepositoryConfigurationDelegate - Finished Spring Data repository scanning in 197ms. Found 12 repository interfaces.
2020-09-07 20:47:40.639 [INFO ] org.springframework.data.repository.config.RepositoryConfigurationDelegate - Multiple Spring Data modules found, entering strict repository configuration mode!
2020-09-07 20:47:40.640 [INFO ] org.springframework.data.repository.config.RepositoryConfigurationDelegate - Bootstrapping Spring Data repositories in DEFAULT mode.
2020-09-07 20:47:40.682 [INFO ] org.springframework.data.repository.config.RepositoryConfigurationExtensionSupport - Spring Data Redis - Could not safely identify store assignment for repository candidate interface com.flower.repository.AddressRepository.
2020-09-07 20:47:40.683 [INFO ] org.springframework.data.repository.config.RepositoryConfigurationExtensionSupport - Spring Data Redis - Could not safely identify store assignment for repository candidate interface com.flower.repository.CommentRepository.
2020-09-07 20:47:40.683 [INFO ] org.springframework.data.repository.config.RepositoryConfigurationExtensionSupport - Spring Data Redis - Could not safely identify store assignment for repository candidate interface com.flower.repository.DynamicRepository.
2020-09-07 20:47:40.684 [INFO ] org.springframework.data.repository.config.RepositoryConfigurationExtensionSupport - Spring Data Redis - Could not safely identify store assignment for repository candidate interface com.flower.repository.FlowerRepository.
2020-09-07 20:47:40.684 [INFO ] org.springframework.data.repository.config.RepositoryConfigurationExtensionSupport - Spring Data Redis - Could not safely identify store assignment for repository candidate interface com.flower.repository.SellerRepository.
2020-09-07 20:47:40.684 [INFO ] org.springframework.data.repository.config.RepositoryConfigurationExtensionSupport - Spring Data Redis - Could not safely identify store assignment for repository candidate interface com.flower.repository.ServiceOrderRepository.
2020-09-07 20:47:40.684 [INFO ] org.springframework.data.repository.config.RepositoryConfigurationExtensionSupport - Spring Data Redis - Could not safely identify store assignment for repository candidate interface com.flower.repository.ServicePeoPleRepository.
2020-09-07 20:47:40.685 [INFO ] org.springframework.data.repository.config.RepositoryConfigurationExtensionSupport - Spring Data Redis - Could not safely identify store assignment for repository candidate interface com.flower.repository.ServiceRepository.
2020-09-07 20:47:40.686 [INFO ] org.springframework.data.repository.config.RepositoryConfigurationExtensionSupport - Spring Data Redis - Could not safely identify store assignment for repository candidate interface com.flower.repository.ShoppingCartRepository.
2020-09-07 20:47:40.686 [INFO ] org.springframework.data.repository.config.RepositoryConfigurationExtensionSupport - Spring Data Redis - Could not safely identify store assignment for repository candidate interface com.flower.repository.SupplyRepository.
2020-09-07 20:47:40.686 [INFO ] org.springframework.data.repository.config.RepositoryConfigurationExtensionSupport - Spring Data Redis - Could not safely identify store assignment for repository candidate interface com.flower.repository.UserOrderRepository.
2020-09-07 20:47:40.687 [INFO ] org.springframework.data.repository.config.RepositoryConfigurationExtensionSupport - Spring Data Redis - Could not safely identify store assignment for repository candidate interface com.flower.repository.UserRepository.
2020-09-07 20:47:40.687 [INFO ] org.springframework.data.repository.config.RepositoryConfigurationDelegate - Finished Spring Data repository scanning in 21ms. Found 0 repository interfaces.
2020-09-07 20:47:41.351 [INFO ] org.springframework.context.support.PostProcessorRegistrationDelegate$BeanPostProcessorChecker - Bean 'org.springframework.transaction.annotation.ProxyTransactionManagementConfiguration' of type [org.springframework.transaction.annotation.ProxyTransactionManagementConfiguration$$EnhancerBySpringCGLIB$$770e9b78] is not eligible for getting processed by all BeanPostProcessors (for example: not eligible for auto-proxying)
2020-09-07 20:47:41.948 [INFO ] org.springframework.boot.web.embedded.tomcat.TomcatWebServer - Tomcat initialized with port(s): 8081 (http)
2020-09-07 20:47:41.964 [INFO ] org.apache.coyote.http11.Http11NioProtocol - Initializing ProtocolHandler ["http-nio-8081"]
2020-09-07 20:47:41.971 [INFO ] org.apache.catalina.core.StandardService - Starting service [Tomcat]
2020-09-07 20:47:41.971 [INFO ] org.apache.catalina.core.StandardEngine - Starting Servlet engine: [Apache Tomcat/9.0.21]
2020-09-07 20:47:42.127 [INFO ] org.apache.catalina.core.ContainerBase.[Tomcat].[localhost].[/] - Initializing Spring embedded WebApplicationContext
2020-09-07 20:47:42.128 [INFO ] org.springframework.web.context.ContextLoader - Root WebApplicationContext: initialization completed in 5029 ms
2020-09-07 20:47:42.428 [INFO ] com.zaxxer.hikari.HikariDataSource - HikariPool-1 - Starting...
2020-09-07 20:47:42.756 [INFO ] com.zaxxer.hikari.HikariDataSource - HikariPool-1 - Start completed.
2020-09-07 20:47:42.911 [INFO ] org.hibernate.jpa.internal.util.LogHelper - HHH000204: Processing PersistenceUnitInfo [
	name: default
	...]
2020-09-07 20:47:43.110 [INFO ] org.hibernate.Version - HHH000412: Hibernate Core {5.3.10.Final}
2020-09-07 20:47:43.112 [INFO ] org.hibernate.cfg.Environment - HHH000206: hibernate.properties not found
2020-09-07 20:47:43.702 [INFO ] org.hibernate.annotations.common.Version - HCANN000001: Hibernate Commons Annotations {5.0.4.Final}
2020-09-07 20:47:44.055 [INFO ] org.hibernate.dialect.Dialect - HHH000400: Using dialect: org.hibernate.dialect.MySQL5Dialect
2020-09-07 20:47:45.546 [INFO ] org.springframework.orm.jpa.LocalContainerEntityManagerFactoryBean - Initialized JPA EntityManagerFactory for persistence unit 'default'
2020-09-07 20:47:46.134 [INFO ] org.hibernate.hql.internal.QueryTranslatorFactoryInitiator - HHH000397: Using ASTQueryTranslatorFactory
2020-09-07 20:47:47.410 [INFO ] org.apache.coyote.http11.Http11NioProtocol - Starting ProtocolHandler ["http-nio-8081"]
2020-09-07 20:47:47.447 [INFO ] org.springframework.boot.web.embedded.tomcat.TomcatWebServer - Tomcat started on port(s): 8081 (http) with context path ''
2020-09-07 20:47:47.449 [INFO ] com.flower.FlowerApplication - Started FlowerApplication in 11.98 seconds (JVM running for 14.091)
2020-09-07 20:48:01.380 [INFO ] org.apache.catalina.core.ContainerBase.[Tomcat].[localhost].[/] - Initializing Spring DispatcherServlet 'dispatcherServlet'
2020-09-07 20:48:01.380 [INFO ] org.springframework.web.servlet.DispatcherServlet - Initializing Servlet 'dispatcherServlet'
2020-09-07 20:48:01.556 [INFO ] org.springframework.web.servlet.DispatcherServlet - Completed initialization in 176 ms
2020-09-07 21:56:15.452 [INFO ] com.flower.FlowerApplication - Starting FlowerApplication on LAPTOP-6S1ADEMD with PID 24204 (D:\FileRecv\2\flower\target\classes started by 张耘荧 in D:\FileRecv\2\flower)
2020-09-07 21:56:15.483 [INFO ] com.flower.FlowerApplication - No active profile set, falling back to default profiles: default
2020-09-07 21:56:18.279 [INFO ] org.springframework.data.repository.config.RepositoryConfigurationDelegate - Multiple Spring Data modules found, entering strict repository configuration mode!
2020-09-07 21:56:18.280 [INFO ] org.springframework.data.repository.config.RepositoryConfigurationDelegate - Bootstrapping Spring Data repositories in DEFAULT mode.
2020-09-07 21:56:18.445 [INFO ] org.springframework.data.repository.config.RepositoryConfigurationDelegate - Finished Spring Data repository scanning in 144ms. Found 12 repository interfaces.
2020-09-07 21:56:18.468 [INFO ] org.springframework.data.repository.config.RepositoryConfigurationDelegate - Multiple Spring Data modules found, entering strict repository configuration mode!
2020-09-07 21:56:18.470 [INFO ] org.springframework.data.repository.config.RepositoryConfigurationDelegate - Bootstrapping Spring Data repositories in DEFAULT mode.
2020-09-07 21:56:18.509 [INFO ] org.springframework.data.repository.config.RepositoryConfigurationExtensionSupport - Spring Data Redis - Could not safely identify store assignment for repository candidate interface com.flower.repository.AddressRepository.
2020-09-07 21:56:18.510 [INFO ] org.springframework.data.repository.config.RepositoryConfigurationExtensionSupport - Spring Data Redis - Could not safely identify store assignment for repository candidate interface com.flower.repository.CommentRepository.
2020-09-07 21:56:18.510 [INFO ] org.springframework.data.repository.config.RepositoryConfigurationExtensionSupport - Spring Data Redis - Could not safely identify store assignment for repository candidate interface com.flower.repository.DynamicRepository.
2020-09-07 21:56:18.510 [INFO ] org.springframework.data.repository.config.RepositoryConfigurationExtensionSupport - Spring Data Redis - Could not safely identify store assignment for repository candidate interface com.flower.repository.FlowerRepository.
2020-09-07 21:56:18.510 [INFO ] org.springframework.data.repository.config.RepositoryConfigurationExtensionSupport - Spring Data Redis - Could not safely identify store assignment for repository candidate interface com.flower.repository.SellerRepository.
2020-09-07 21:56:18.511 [INFO ] org.springframework.data.repository.config.RepositoryConfigurationExtensionSupport - Spring Data Redis - Could not safely identify store assignment for repository candidate interface com.flower.repository.ServiceOrderRepository.
2020-09-07 21:56:18.511 [INFO ] org.springframework.data.repository.config.RepositoryConfigurationExtensionSupport - Spring Data Redis - Could not safely identify store assignment for repository candidate interface com.flower.repository.ServicePeoPleRepository.
2020-09-07 21:56:18.511 [INFO ] org.springframework.data.repository.config.RepositoryConfigurationExtensionSupport - Spring Data Redis - Could not safely identify store assignment for repository candidate interface com.flower.repository.ServiceRepository.
2020-09-07 21:56:18.511 [INFO ] org.springframework.data.repository.config.RepositoryConfigurationExtensionSupport - Spring Data Redis - Could not safely identify store assignment for repository candidate interface com.flower.repository.ShoppingCartRepository.
2020-09-07 21:56:18.512 [INFO ] org.springframework.data.repository.config.RepositoryConfigurationExtensionSupport - Spring Data Redis - Could not safely identify store assignment for repository candidate interface com.flower.repository.SupplyRepository.
2020-09-07 21:56:18.512 [INFO ] org.springframework.data.repository.config.RepositoryConfigurationExtensionSupport - Spring Data Redis - Could not safely identify store assignment for repository candidate interface com.flower.repository.UserOrderRepository.
2020-09-07 21:56:18.512 [INFO ] org.springframework.data.repository.config.RepositoryConfigurationExtensionSupport - Spring Data Redis - Could not safely identify store assignment for repository candidate interface com.flower.repository.UserRepository.
2020-09-07 21:56:18.512 [INFO ] org.springframework.data.repository.config.RepositoryConfigurationDelegate - Finished Spring Data repository scanning in 19ms. Found 0 repository interfaces.
2020-09-07 21:56:19.124 [INFO ] org.springframework.context.support.PostProcessorRegistrationDelegate$BeanPostProcessorChecker - Bean 'org.springframework.transaction.annotation.ProxyTransactionManagementConfiguration' of type [org.springframework.transaction.annotation.ProxyTransactionManagementConfiguration$$EnhancerBySpringCGLIB$$96e315d5] is not eligible for getting processed by all BeanPostProcessors (for example: not eligible for auto-proxying)
2020-09-07 21:56:19.767 [INFO ] org.springframework.boot.web.embedded.tomcat.TomcatWebServer - Tomcat initialized with port(s): 8081 (http)
2020-09-07 21:56:19.782 [INFO ] org.apache.coyote.http11.Http11NioProtocol - Initializing ProtocolHandler ["http-nio-8081"]
2020-09-07 21:56:19.790 [INFO ] org.apache.catalina.core.StandardService - Starting service [Tomcat]
2020-09-07 21:56:19.790 [INFO ] org.apache.catalina.core.StandardEngine - Starting Servlet engine: [Apache Tomcat/9.0.21]
2020-09-07 21:56:19.936 [INFO ] org.apache.catalina.core.ContainerBase.[Tomcat].[localhost].[/] - Initializing Spring embedded WebApplicationContext
2020-09-07 21:56:19.936 [INFO ] org.springframework.web.context.ContextLoader - Root WebApplicationContext: initialization completed in 4097 ms
2020-09-07 21:56:20.304 [INFO ] com.zaxxer.hikari.HikariDataSource - HikariPool-1 - Starting...
2020-09-07 21:56:20.607 [INFO ] com.zaxxer.hikari.HikariDataSource - HikariPool-1 - Start completed.
2020-09-07 21:56:20.742 [INFO ] org.hibernate.jpa.internal.util.LogHelper - HHH000204: Processing PersistenceUnitInfo [
	name: default
	...]
2020-09-07 21:56:20.949 [INFO ] org.hibernate.Version - HHH000412: Hibernate Core {5.3.10.Final}
2020-09-07 21:56:20.962 [INFO ] org.hibernate.cfg.Environment - HHH000206: hibernate.properties not found
2020-09-07 21:56:21.510 [INFO ] org.hibernate.annotations.common.Version - HCANN000001: Hibernate Commons Annotations {5.0.4.Final}
2020-09-07 21:56:21.851 [INFO ] org.hibernate.dialect.Dialect - HHH000400: Using dialect: org.hibernate.dialect.MySQL5Dialect
2020-09-07 21:56:23.087 [INFO ] org.springframework.orm.jpa.LocalContainerEntityManagerFactoryBean - Initialized JPA EntityManagerFactory for persistence unit 'default'
2020-09-07 21:56:23.698 [INFO ] org.hibernate.hql.internal.QueryTranslatorFactoryInitiator - HHH000397: Using ASTQueryTranslatorFactory
2020-09-07 21:56:25.104 [INFO ] org.apache.coyote.http11.Http11NioProtocol - Starting ProtocolHandler ["http-nio-8081"]
2020-09-07 21:56:25.144 [INFO ] org.springframework.boot.web.embedded.tomcat.TomcatWebServer - Tomcat started on port(s): 8081 (http) with context path ''
2020-09-07 21:56:25.145 [INFO ] com.flower.FlowerApplication - Started FlowerApplication in 11.465 seconds (JVM running for 13.467)
2020-09-07 21:56:27.935 [INFO ] org.apache.catalina.core.ContainerBase.[Tomcat].[localhost].[/] - Initializing Spring DispatcherServlet 'dispatcherServlet'
2020-09-07 21:56:27.935 [INFO ] org.springframework.web.servlet.DispatcherServlet - Initializing Servlet 'dispatcherServlet'
2020-09-07 21:56:28.098 [INFO ] org.springframework.web.servlet.DispatcherServlet - Completed initialization in 163 ms
2020-09-07 21:57:13.404 [INFO ] com.flower.FlowerApplication - Starting FlowerApplication on LAPTOP-6S1ADEMD with PID 24540 (D:\FileRecv\2\flower\target\classes started by 张耘荧 in D:\FileRecv\2\flower)
2020-09-07 21:57:13.408 [INFO ] com.flower.FlowerApplication - No active profile set, falling back to default profiles: default
2020-09-07 21:57:14.229 [INFO ] org.springframework.data.repository.config.RepositoryConfigurationDelegate - Multiple Spring Data modules found, entering strict repository configuration mode!
2020-09-07 21:57:14.229 [INFO ] org.springframework.data.repository.config.RepositoryConfigurationDelegate - Bootstrapping Spring Data repositories in DEFAULT mode.
2020-09-07 21:57:14.388 [INFO ] org.springframework.data.repository.config.RepositoryConfigurationDelegate - Finished Spring Data repository scanning in 150ms. Found 12 repository interfaces.
2020-09-07 21:57:14.402 [INFO ] org.springframework.data.repository.config.RepositoryConfigurationDelegate - Multiple Spring Data modules found, entering strict repository configuration mode!
2020-09-07 21:57:14.403 [INFO ] org.springframework.data.repository.config.RepositoryConfigurationDelegate - Bootstrapping Spring Data repositories in DEFAULT mode.
2020-09-07 21:57:14.431 [INFO ] org.springframework.data.repository.config.RepositoryConfigurationExtensionSupport - Spring Data Redis - Could not safely identify store assignment for repository candidate interface com.flower.repository.AddressRepository.
2020-09-07 21:57:14.431 [INFO ] org.springframework.data.repository.config.RepositoryConfigurationExtensionSupport - Spring Data Redis - Could not safely identify store assignment for repository candidate interface com.flower.repository.CommentRepository.
2020-09-07 21:57:14.432 [INFO ] org.springframework.data.repository.config.RepositoryConfigurationExtensionSupport - Spring Data Redis - Could not safely identify store assignment for repository candidate interface com.flower.repository.DynamicRepository.
2020-09-07 21:57:14.433 [INFO ] org.springframework.data.repository.config.RepositoryConfigurationExtensionSupport - Spring Data Redis - Could not safely identify store assignment for repository candidate interface com.flower.repository.FlowerRepository.
2020-09-07 21:57:14.434 [INFO ] org.springframework.data.repository.config.RepositoryConfigurationExtensionSupport - Spring Data Redis - Could not safely identify store assignment for repository candidate interface com.flower.repository.SellerRepository.
2020-09-07 21:57:14.434 [INFO ] org.springframework.data.repository.config.RepositoryConfigurationExtensionSupport - Spring Data Redis - Could not safely identify store assignment for repository candidate interface com.flower.repository.ServiceOrderRepository.
2020-09-07 21:57:14.435 [INFO ] org.springframework.data.repository.config.RepositoryConfigurationExtensionSupport - Spring Data Redis - Could not safely identify store assignment for repository candidate interface com.flower.repository.ServicePeoPleRepository.
2020-09-07 21:57:14.436 [INFO ] org.springframework.data.repository.config.RepositoryConfigurationExtensionSupport - Spring Data Redis - Could not safely identify store assignment for repository candidate interface com.flower.repository.ServiceRepository.
2020-09-07 21:57:14.436 [INFO ] org.springframework.data.repository.config.RepositoryConfigurationExtensionSupport - Spring Data Redis - Could not safely identify store assignment for repository candidate interface com.flower.repository.ShoppingCartRepository.
2020-09-07 21:57:14.437 [INFO ] org.springframework.data.repository.config.RepositoryConfigurationExtensionSupport - Spring Data Redis - Could not safely identify store assignment for repository candidate interface com.flower.repository.SupplyRepository.
2020-09-07 21:57:14.438 [INFO ] org.springframework.data.repository.config.RepositoryConfigurationExtensionSupport - Spring Data Redis - Could not safely identify store assignment for repository candidate interface com.flower.repository.UserOrderRepository.
2020-09-07 21:57:14.438 [INFO ] org.springframework.data.repository.config.RepositoryConfigurationExtensionSupport - Spring Data Redis - Could not safely identify store assignment for repository candidate interface com.flower.repository.UserRepository.
2020-09-07 21:57:14.438 [INFO ] org.springframework.data.repository.config.RepositoryConfigurationDelegate - Finished Spring Data repository scanning in 26ms. Found 0 repository interfaces.
2020-09-07 21:57:14.723 [INFO ] org.springframework.context.support.PostProcessorRegistrationDelegate$BeanPostProcessorChecker - Bean 'org.springframework.transaction.annotation.ProxyTransactionManagementConfiguration' of type [org.springframework.transaction.annotation.ProxyTransactionManagementConfiguration$$EnhancerBySpringCGLIB$$8e4af3d1] is not eligible for getting processed by all BeanPostProcessors (for example: not eligible for auto-proxying)
2020-09-07 21:57:14.951 [INFO ] org.springframework.boot.web.embedded.tomcat.TomcatWebServer - Tomcat initialized with port(s): 8081 (http)
2020-09-07 21:57:14.963 [INFO ] org.apache.coyote.http11.Http11NioProtocol - Initializing ProtocolHandler ["http-nio-8081"]
2020-09-07 21:57:14.970 [INFO ] org.apache.catalina.core.StandardService - Starting service [Tomcat]
2020-09-07 21:57:14.970 [INFO ] org.apache.catalina.core.StandardEngine - Starting Servlet engine: [Apache Tomcat/9.0.21]
2020-09-07 21:57:15.099 [INFO ] org.apache.catalina.core.ContainerBase.[Tomcat].[localhost].[/] - Initializing Spring embedded WebApplicationContext
2020-09-07 21:57:15.099 [INFO ] org.springframework.web.context.ContextLoader - Root WebApplicationContext: initialization completed in 1611 ms
2020-09-07 21:57:15.219 [INFO ] com.zaxxer.hikari.HikariDataSource - HikariPool-1 - Starting...
2020-09-07 21:57:15.397 [INFO ] com.zaxxer.hikari.HikariDataSource - HikariPool-1 - Start completed.
2020-09-07 21:57:15.442 [INFO ] org.hibernate.jpa.internal.util.LogHelper - HHH000204: Processing PersistenceUnitInfo [
	name: default
	...]
2020-09-07 21:57:15.494 [INFO ] org.hibernate.Version - HHH000412: Hibernate Core {5.3.10.Final}
2020-09-07 21:57:15.496 [INFO ] org.hibernate.cfg.Environment - HHH000206: hibernate.properties not found
2020-09-07 21:57:15.604 [INFO ] org.hibernate.annotations.common.Version - HCANN000001: Hibernate Commons Annotations {5.0.4.Final}
2020-09-07 21:57:15.731 [INFO ] org.hibernate.dialect.Dialect - HHH000400: Using dialect: org.hibernate.dialect.MySQL5Dialect
2020-09-07 21:57:16.388 [INFO ] org.springframework.orm.jpa.LocalContainerEntityManagerFactoryBean - Initialized JPA EntityManagerFactory for persistence unit 'default'
2020-09-07 21:57:16.700 [INFO ] org.hibernate.hql.internal.QueryTranslatorFactoryInitiator - HHH000397: Using ASTQueryTranslatorFactory
2020-09-07 21:57:17.346 [INFO ] org.apache.coyote.http11.Http11NioProtocol - Starting ProtocolHandler ["http-nio-8081"]
2020-09-07 21:57:17.365 [INFO ] org.springframework.boot.web.embedded.tomcat.TomcatWebServer - Tomcat started on port(s): 8081 (http) with context path ''
2020-09-07 21:57:17.367 [INFO ] com.flower.FlowerApplication - Started FlowerApplication in 4.486 seconds (JVM running for 5.493)
2020-09-07 21:57:24.353 [INFO ] org.apache.catalina.core.ContainerBase.[Tomcat].[localhost].[/] - Initializing Spring DispatcherServlet 'dispatcherServlet'
2020-09-07 21:57:24.353 [INFO ] org.springframework.web.servlet.DispatcherServlet - Initializing Servlet 'dispatcherServlet'
2020-09-07 21:57:24.524 [INFO ] org.springframework.web.servlet.DispatcherServlet - Completed initialization in 171 ms
