2020-09-15 20:50:04.564 [INFO ] com.flower.FlowerApplication - Starting FlowerApplication on LAPTOP-6S1ADEMD with PID 7740 (D:\FileRecv\3\flower\target\classes started by 张耘荧 in D:\FileRecv\3\flower)
2020-09-15 20:50:04.570 [INFO ] com.flower.FlowerApplication - No active profile set, falling back to default profiles: default
2020-09-15 20:50:06.677 [INFO ] org.springframework.data.repository.config.RepositoryConfigurationDelegate - Multiple Spring Data modules found, entering strict repository configuration mode!
2020-09-15 20:50:06.678 [INFO ] org.springframework.data.repository.config.RepositoryConfigurationDelegate - Bootstrapping Spring Data repositories in DEFAULT mode.
2020-09-15 20:50:06.837 [INFO ] org.springframework.data.repository.config.RepositoryConfigurationDelegate - Finished Spring Data repository scanning in 145ms. Found 12 repository interfaces.
2020-09-15 20:50:06.884 [INFO ] org.springframework.data.repository.config.RepositoryConfigurationDelegate - Multiple Spring Data modules found, entering strict repository configuration mode!
2020-09-15 20:50:06.886 [INFO ] org.springframework.data.repository.config.RepositoryConfigurationDelegate - Bootstrapping Spring Data repositories in DEFAULT mode.
2020-09-15 20:50:06.933 [INFO ] org.springframework.data.repository.config.RepositoryConfigurationExtensionSupport - Spring Data Redis - Could not safely identify store assignment for repository candidate interface com.flower.repository.AddressRepository.
2020-09-15 20:50:06.934 [INFO ] org.springframework.data.repository.config.RepositoryConfigurationExtensionSupport - Spring Data Redis - Could not safely identify store assignment for repository candidate interface com.flower.repository.CommentRepository.
2020-09-15 20:50:06.934 [INFO ] org.springframework.data.repository.config.RepositoryConfigurationExtensionSupport - Spring Data Redis - Could not safely identify store assignment for repository candidate interface com.flower.repository.DynamicRepository.
2020-09-15 20:50:06.935 [INFO ] org.springframework.data.repository.config.RepositoryConfigurationExtensionSupport - Spring Data Redis - Could not safely identify store assignment for repository candidate interface com.flower.repository.FlowerRepository.
2020-09-15 20:50:06.935 [INFO ] org.springframework.data.repository.config.RepositoryConfigurationExtensionSupport - Spring Data Redis - Could not safely identify store assignment for repository candidate interface com.flower.repository.SellerRepository.
2020-09-15 20:50:06.935 [INFO ] org.springframework.data.repository.config.RepositoryConfigurationExtensionSupport - Spring Data Redis - Could not safely identify store assignment for repository candidate interface com.flower.repository.ServiceOrderRepository.
2020-09-15 20:50:06.936 [INFO ] org.springframework.data.repository.config.RepositoryConfigurationExtensionSupport - Spring Data Redis - Could not safely identify store assignment for repository candidate interface com.flower.repository.ServicePeoPleRepository.
2020-09-15 20:50:06.936 [INFO ] org.springframework.data.repository.config.RepositoryConfigurationExtensionSupport - Spring Data Redis - Could not safely identify store assignment for repository candidate interface com.flower.repository.ServiceRepository.
2020-09-15 20:50:06.936 [INFO ] org.springframework.data.repository.config.RepositoryConfigurationExtensionSupport - Spring Data Redis - Could not safely identify store assignment for repository candidate interface com.flower.repository.ShoppingCartRepository.
2020-09-15 20:50:06.936 [INFO ] org.springframework.data.repository.config.RepositoryConfigurationExtensionSupport - Spring Data Redis - Could not safely identify store assignment for repository candidate interface com.flower.repository.SupplyRepository.
2020-09-15 20:50:06.937 [INFO ] org.springframework.data.repository.config.RepositoryConfigurationExtensionSupport - Spring Data Redis - Could not safely identify store assignment for repository candidate interface com.flower.repository.UserOrderRepository.
2020-09-15 20:50:06.937 [INFO ] org.springframework.data.repository.config.RepositoryConfigurationExtensionSupport - Spring Data Redis - Could not safely identify store assignment for repository candidate interface com.flower.repository.UserRepository.
2020-09-15 20:50:06.937 [INFO ] org.springframework.data.repository.config.RepositoryConfigurationDelegate - Finished Spring Data repository scanning in 18ms. Found 0 repository interfaces.
2020-09-15 20:50:07.516 [INFO ] org.springframework.context.support.PostProcessorRegistrationDelegate$BeanPostProcessorChecker - Bean 'org.springframework.transaction.annotation.ProxyTransactionManagementConfiguration' of type [org.springframework.transaction.annotation.ProxyTransactionManagementConfiguration$$EnhancerBySpringCGLIB$$f7350fad] is not eligible for getting processed by all BeanPostProcessors (for example: not eligible for auto-proxying)
2020-09-15 20:50:08.089 [INFO ] org.springframework.boot.web.embedded.tomcat.TomcatWebServer - Tomcat initialized with port(s): 8081 (http)
2020-09-15 20:50:08.104 [INFO ] org.apache.coyote.http11.Http11NioProtocol - Initializing ProtocolHandler ["http-nio-8081"]
2020-09-15 20:50:08.112 [INFO ] org.apache.catalina.core.StandardService - Starting service [Tomcat]
2020-09-15 20:50:08.113 [INFO ] org.apache.catalina.core.StandardEngine - Starting Servlet engine: [Apache Tomcat/9.0.21]
2020-09-15 20:50:08.269 [INFO ] org.apache.catalina.core.ContainerBase.[Tomcat].[localhost].[/] - Initializing Spring embedded WebApplicationContext
2020-09-15 20:50:08.270 [INFO ] org.springframework.web.context.ContextLoader - Root WebApplicationContext: initialization completed in 3487 ms
2020-09-15 20:50:08.626 [INFO ] com.zaxxer.hikari.HikariDataSource - HikariPool-1 - Starting...
2020-09-15 20:50:08.985 [INFO ] com.zaxxer.hikari.HikariDataSource - HikariPool-1 - Start completed.
2020-09-15 20:50:09.186 [INFO ] org.hibernate.jpa.internal.util.LogHelper - HHH000204: Processing PersistenceUnitInfo [
	name: default
	...]
2020-09-15 20:50:09.372 [INFO ] org.hibernate.Version - HHH000412: Hibernate Core {5.3.10.Final}
2020-09-15 20:50:09.384 [INFO ] org.hibernate.cfg.Environment - HHH000206: hibernate.properties not found
2020-09-15 20:50:09.974 [INFO ] org.hibernate.annotations.common.Version - HCANN000001: Hibernate Commons Annotations {5.0.4.Final}
2020-09-15 20:50:10.295 [INFO ] org.hibernate.dialect.Dialect - HHH000400: Using dialect: org.hibernate.dialect.MySQL5Dialect
2020-09-15 20:50:11.687 [INFO ] org.springframework.orm.jpa.LocalContainerEntityManagerFactoryBean - Initialized JPA EntityManagerFactory for persistence unit 'default'
2020-09-15 20:50:12.253 [INFO ] org.hibernate.hql.internal.QueryTranslatorFactoryInitiator - HHH000397: Using ASTQueryTranslatorFactory
2020-09-15 20:50:13.639 [INFO ] org.apache.coyote.http11.Http11NioProtocol - Starting ProtocolHandler ["http-nio-8081"]
2020-09-15 20:50:13.676 [INFO ] org.springframework.boot.web.embedded.tomcat.TomcatWebServer - Tomcat started on port(s): 8081 (http) with context path ''
2020-09-15 20:50:13.678 [INFO ] com.flower.FlowerApplication - Started FlowerApplication in 10.132 seconds (JVM running for 12.057)
2020-09-15 20:50:20.804 [INFO ] org.apache.catalina.core.ContainerBase.[Tomcat].[localhost].[/] - Initializing Spring DispatcherServlet 'dispatcherServlet'
2020-09-15 20:50:20.805 [INFO ] org.springframework.web.servlet.DispatcherServlet - Initializing Servlet 'dispatcherServlet'
2020-09-15 20:50:20.975 [INFO ] org.springframework.web.servlet.DispatcherServlet - Completed initialization in 170 ms
2020-09-15 20:58:17.479 [INFO ] com.flower.FlowerApplication - Starting FlowerApplication on LAPTOP-6S1ADEMD with PID 3144 (D:\FileRecv\3\flower\target\classes started by 张耘荧 in D:\FileRecv\3\flower)
2020-09-15 20:58:17.482 [INFO ] com.flower.FlowerApplication - No active profile set, falling back to default profiles: default
2020-09-15 20:58:18.223 [INFO ] org.springframework.data.repository.config.RepositoryConfigurationDelegate - Multiple Spring Data modules found, entering strict repository configuration mode!
2020-09-15 20:58:18.223 [INFO ] org.springframework.data.repository.config.RepositoryConfigurationDelegate - Bootstrapping Spring Data repositories in DEFAULT mode.
2020-09-15 20:58:18.346 [INFO ] org.springframework.data.repository.config.RepositoryConfigurationDelegate - Finished Spring Data repository scanning in 116ms. Found 12 repository interfaces.
2020-09-15 20:58:18.358 [INFO ] org.springframework.data.repository.config.RepositoryConfigurationDelegate - Multiple Spring Data modules found, entering strict repository configuration mode!
2020-09-15 20:58:18.359 [INFO ] org.springframework.data.repository.config.RepositoryConfigurationDelegate - Bootstrapping Spring Data repositories in DEFAULT mode.
2020-09-15 20:58:18.379 [INFO ] org.springframework.data.repository.config.RepositoryConfigurationExtensionSupport - Spring Data Redis - Could not safely identify store assignment for repository candidate interface com.flower.repository.AddressRepository.
2020-09-15 20:58:18.381 [INFO ] org.springframework.data.repository.config.RepositoryConfigurationExtensionSupport - Spring Data Redis - Could not safely identify store assignment for repository candidate interface com.flower.repository.CommentRepository.
2020-09-15 20:58:18.381 [INFO ] org.springframework.data.repository.config.RepositoryConfigurationExtensionSupport - Spring Data Redis - Could not safely identify store assignment for repository candidate interface com.flower.repository.DynamicRepository.
2020-09-15 20:58:18.381 [INFO ] org.springframework.data.repository.config.RepositoryConfigurationExtensionSupport - Spring Data Redis - Could not safely identify store assignment for repository candidate interface com.flower.repository.FlowerRepository.
2020-09-15 20:58:18.381 [INFO ] org.springframework.data.repository.config.RepositoryConfigurationExtensionSupport - Spring Data Redis - Could not safely identify store assignment for repository candidate interface com.flower.repository.SellerRepository.
2020-09-15 20:58:18.383 [INFO ] org.springframework.data.repository.config.RepositoryConfigurationExtensionSupport - Spring Data Redis - Could not safely identify store assignment for repository candidate interface com.flower.repository.ServiceOrderRepository.
2020-09-15 20:58:18.383 [INFO ] org.springframework.data.repository.config.RepositoryConfigurationExtensionSupport - Spring Data Redis - Could not safely identify store assignment for repository candidate interface com.flower.repository.ServicePeoPleRepository.
2020-09-15 20:58:18.383 [INFO ] org.springframework.data.repository.config.RepositoryConfigurationExtensionSupport - Spring Data Redis - Could not safely identify store assignment for repository candidate interface com.flower.repository.ServiceRepository.
2020-09-15 20:58:18.383 [INFO ] org.springframework.data.repository.config.RepositoryConfigurationExtensionSupport - Spring Data Redis - Could not safely identify store assignment for repository candidate interface com.flower.repository.ShoppingCartRepository.
2020-09-15 20:58:18.383 [INFO ] org.springframework.data.repository.config.RepositoryConfigurationExtensionSupport - Spring Data Redis - Could not safely identify store assignment for repository candidate interface com.flower.repository.SupplyRepository.
2020-09-15 20:58:18.383 [INFO ] org.springframework.data.repository.config.RepositoryConfigurationExtensionSupport - Spring Data Redis - Could not safely identify store assignment for repository candidate interface com.flower.repository.UserOrderRepository.
2020-09-15 20:58:18.383 [INFO ] org.springframework.data.repository.config.RepositoryConfigurationExtensionSupport - Spring Data Redis - Could not safely identify store assignment for repository candidate interface com.flower.repository.UserRepository.
2020-09-15 20:58:18.383 [INFO ] org.springframework.data.repository.config.RepositoryConfigurationDelegate - Finished Spring Data repository scanning in 17ms. Found 0 repository interfaces.
2020-09-15 20:58:18.651 [INFO ] org.springframework.context.support.PostProcessorRegistrationDelegate$BeanPostProcessorChecker - Bean 'org.springframework.transaction.annotation.ProxyTransactionManagementConfiguration' of type [org.springframework.transaction.annotation.ProxyTransactionManagementConfiguration$$EnhancerBySpringCGLIB$$d91627e8] is not eligible for getting processed by all BeanPostProcessors (for example: not eligible for auto-proxying)
2020-09-15 20:58:18.892 [INFO ] org.springframework.boot.web.embedded.tomcat.TomcatWebServer - Tomcat initialized with port(s): 8081 (http)
2020-09-15 20:58:18.907 [INFO ] org.apache.coyote.http11.Http11NioProtocol - Initializing ProtocolHandler ["http-nio-8081"]
2020-09-15 20:58:18.916 [INFO ] org.apache.catalina.core.StandardService - Starting service [Tomcat]
2020-09-15 20:58:18.917 [INFO ] org.apache.catalina.core.StandardEngine - Starting Servlet engine: [Apache Tomcat/9.0.21]
2020-09-15 20:58:19.045 [INFO ] org.apache.catalina.core.ContainerBase.[Tomcat].[localhost].[/] - Initializing Spring embedded WebApplicationContext
2020-09-15 20:58:19.045 [INFO ] org.springframework.web.context.ContextLoader - Root WebApplicationContext: initialization completed in 1472 ms
2020-09-15 20:58:19.161 [INFO ] com.zaxxer.hikari.HikariDataSource - HikariPool-1 - Starting...
2020-09-15 20:58:19.321 [INFO ] com.zaxxer.hikari.HikariDataSource - HikariPool-1 - Start completed.
2020-09-15 20:58:19.366 [INFO ] org.hibernate.jpa.internal.util.LogHelper - HHH000204: Processing PersistenceUnitInfo [
	name: default
	...]
2020-09-15 20:58:19.419 [INFO ] org.hibernate.Version - HHH000412: Hibernate Core {5.3.10.Final}
2020-09-15 20:58:19.420 [INFO ] org.hibernate.cfg.Environment - HHH000206: hibernate.properties not found
2020-09-15 20:58:19.530 [INFO ] org.hibernate.annotations.common.Version - HCANN000001: Hibernate Commons Annotations {5.0.4.Final}
2020-09-15 20:58:19.691 [INFO ] org.hibernate.dialect.Dialect - HHH000400: Using dialect: org.hibernate.dialect.MySQL5Dialect
2020-09-15 20:58:20.421 [INFO ] org.springframework.orm.jpa.LocalContainerEntityManagerFactoryBean - Initialized JPA EntityManagerFactory for persistence unit 'default'
2020-09-15 20:58:20.771 [INFO ] org.hibernate.hql.internal.QueryTranslatorFactoryInitiator - HHH000397: Using ASTQueryTranslatorFactory
2020-09-15 20:58:21.390 [INFO ] org.apache.coyote.http11.Http11NioProtocol - Starting ProtocolHandler ["http-nio-8081"]
2020-09-15 20:58:21.409 [INFO ] org.springframework.boot.web.embedded.tomcat.TomcatWebServer - Tomcat started on port(s): 8081 (http) with context path ''
2020-09-15 20:58:21.411 [INFO ] com.flower.FlowerApplication - Started FlowerApplication in 4.476 seconds (JVM running for 5.574)
2020-09-15 20:59:31.768 [INFO ] org.apache.catalina.core.ContainerBase.[Tomcat].[localhost].[/] - Initializing Spring DispatcherServlet 'dispatcherServlet'
2020-09-15 20:59:31.768 [INFO ] org.springframework.web.servlet.DispatcherServlet - Initializing Servlet 'dispatcherServlet'
2020-09-15 20:59:31.776 [INFO ] org.springframework.web.servlet.DispatcherServlet - Completed initialization in 8 ms
